#
# There is insufficient memory for the Java Runtime Environment to continue.
# Native memory allocation (malloc) failed to allocate 131088 bytes. Error detail: Chunk::new
# Possible reasons:
#   The system is out of physical RAM or swap space
#   This process is running with CompressedOops enabled, and the Java Heap may be blocking the growth of the native heap
# Possible solutions:
#   Reduce memory load on the system
#   Increase physical memory or swap space
#   Check if swap backing store is full
#   Decrease Java heap size (-Xmx/-Xms)
#   Decrease number of Java threads
#   Decrease Java thread stack sizes (-Xss)
#   Set larger code cache with -XX:ReservedCodeCacheSize=
#   JVM is running with Unscaled Compressed Oops mode in which the Java heap is
#     placed in the first 4GB address space. The Java Heap base address is the
#     maximum limit for the native heap growth. Please use -XX:HeapBaseMinAddress
#     to set the Java Heap base and to place the Java Heap above 4GB virtual address.
# This output file may be truncated or incomplete.
#
#  Out of Memory Error (arena.cpp:168), pid=10700, tid=10248
#
# JRE version: OpenJDK Runtime Environment Temurin-21.0.10+7 (21.0.10+7) (build 21.0.10+7-LTS)
# Java VM: OpenJDK 64-Bit Server VM Temurin-21.0.10+7 (21.0.10+7-LTS, mixed mode, sharing, tiered, compressed oops, compressed class ptrs, parallel gc, windows-amd64)
# No core dump will be written. Minidumps are not enabled by default on client versions of Windows
#

---------------  S U M M A R Y ------------

Command Line: --add-modules=ALL-SYSTEM --add-opens=java.base/java.util=ALL-UNNAMED --add-opens=java.base/java.lang=ALL-UNNAMED --add-opens=java.base/sun.nio.fs=ALL-UNNAMED -Declipse.application=org.eclipse.jdt.ls.core.id1 -Dosgi.bundles.defaultStartLevel=4 -Declipse.product=org.eclipse.jdt.ls.core.product -Djava.import.generatesMetadataFilesAtProjectRoot=false -DDetectVMInstallationsJob.disabled=true -Dfile.encoding=utf8 -XX:+UseParallelGC -XX:GCTimeRatio=4 -XX:AdaptiveSizePolicyWeight=90 -Dsun.zip.disableMemoryMapping=true -Xmx2G -Xms100m -Xlog:disable -javaagent:c:\Users\Sarthak\.vscode\extensions\redhat.java-1.54.0-win32-x64\lombok\lombok-1.18.39-4050.jar -XX:+HeapDumpOnOutOfMemoryError -XX:HeapDumpPath=c:\Users\Sarthak\AppData\Roaming\Code\User\workspaceStorage\f6078b234bc61ef3bc8683c25402a82e\redhat.java -Daether.dependencyCollector.impl=bf c:\Users\Sarthak\.vscode\extensions\redhat.java-1.54.0-win32-x64\server\plugins\org.eclipse.equinox.launcher_1.7.100.v20251111-0406.jar -configuration c:\Users\Sarthak\AppData\Roaming\Code\User\globalStorage\redhat.java\1.54.0\config_win -data c:\Users\Sarthak\AppData\Roaming\Code\User\workspaceStorage\f6078b234bc61ef3bc8683c25402a82e\redhat.java\jdt_ws --pipe=\\.\pipe\lsp-6beaa1f4226d10d3bfe381da32b825e9-sock

Host: AMD Ryzen 5 5500U with Radeon Graphics         , 12 cores, 7G,  Windows 11 , 64 bit Build 26100 (10.0.26100.8521)
Time: Mon Jun 15 09:36:48 2026 India Standard Time elapsed time: 3344.404648 seconds (0d 0h 55m 44s)

---------------  T H R E A D  ---------------

Current thread (0x000001acf44587a0):  JavaThread "C2 CompilerThread0" daemon [_thread_in_native, id=10248, stack(0x0000007066f00000,0x0000007067000000) (1024K)]


Current CompileTask:
C2:3344405 20981       4       org.eclipse.jdt.internal.compiler.parser.Parser::consumeRule (7843 bytes)

Stack: [0x0000007066f00000,0x0000007067000000]
Native frames: (J=compiled Java code, j=interpreted, Vv=VM code, C=native code)
V  [jvm.dll+0x6d7a39]
V  [jvm.dll+0x8b4b26]
V  [jvm.dll+0x8b70de]
V  [jvm.dll+0x8b77c3]
V  [jvm.dll+0x284346]
V  [jvm.dll+0xc66ed]
V  [jvm.dll+0xc6c31]
V  [jvm.dll+0xc6815]
V  [jvm.dll+0x6fec51]
V  [jvm.dll+0x1cf7e3]
V  [jvm.dll+0x700f1d]
V  [jvm.dll+0x3a1323]
V  [jvm.dll+0x3a523d]
V  [jvm.dll+0x1cf5ba]
V  [jvm.dll+0x1ce2d2]
V  [jvm.dll+0x2fa4cc]
V  [jvm.dll+0x6f1ef8]
V  [jvm.dll+0x6e9fa9]
V  [jvm.dll+0x6e96a9]
V  [jvm.dll+0x6e774e]
V  [jvm.dll+0x1ce39c]
V  [jvm.dll+0x24b6e9]
V  [jvm.dll+0x1cb34e]
V  [jvm.dll+0x25b85d]
V  [jvm.dll+0x259dea]
V  [jvm.dll+0x3f857e]
V  [jvm.dll+0x85f59d]
V  [jvm.dll+0x6d626d]
C  [ucrtbase.dll+0x2cd30]
C  [KERNEL32.DLL+0x2e957]
C  [ntdll.dll+0x87c1c]


---------------  P R O C E S S  ---------------

Threads class SMR info:
_java_thread_list=0x000001acfe0215b0, length=70, elements={
0x000001ac9b59f9f0, 0x000001acf31e9400, 0x000001ac9b64e140, 0x000001acf31f13c0,
0x000001acf31f3e30, 0x000001acf31f5af0, 0x000001acf31fa5e0, 0x000001acf44587a0,
0x000001acf448b500, 0x000001acf31f9f50, 0x000001acf31fb300, 0x000001acf31f98c0,
0x000001acf31fac70, 0x000001acf31fb990, 0x000001acf31fc020, 0x000001acf31fcd40,
0x000001acfa431270, 0x000001acfa430be0, 0x000001acfa42e480, 0x000001acfa42f830,
0x000001acfa432cb0, 0x000001acfa433340, 0x000001acfa42fec0, 0x000001acfa435410,
0x000001acfa4339d0, 0x000001acfa434060, 0x000001acfa4346f0, 0x000001acfa434d80,
0x000001acfcc55b80, 0x000001acfcc56210, 0x000001acfcc56f30, 0x000001acfcc582e0,
0x000001acfcc58970, 0x000001acfcc568a0, 0x000001acfcc59690, 0x000001acfcc59d20,
0x000001acf443dd30, 0x000001acf443c2f0, 0x000001acfc343f00, 0x000001acfda40c30,
0x000001acfda44740, 0x000001acfda412c0, 0x000001acfda44dd0, 0x000001acfda41950,
0x000001acfda46810, 0x000001acfda47bc0, 0x000001acfda46ea0, 0x000001acfda48250,
0x000001acfda45460, 0x000001acfda47530, 0x000001acfda45af0, 0x000001acfda46180,
0x000001acf443af40, 0x000001acf4439500, 0x000001acf443a220, 0x000001acf443bc60,
0x000001acf44387e0, 0x000001acf443a8b0, 0x000001acf4438e70, 0x000001acf443ea50,
0x000001acf443c980, 0x000001acf443f0e0, 0x000001acf443d010, 0x000001acf443fe00,
0x000001acfc33f040, 0x000001acfc33cf70, 0x000001acfc33f6d0, 0x000001acfc33d600,
0x000001acfc33dc90, 0x000001acfc33e9b0
}

Java Threads: ( => current thread )
  0x000001ac9b59f9f0 JavaThread "main"                              [_thread_blocked, id=16060, stack(0x0000007066500000,0x0000007066600000) (1024K)]
  0x000001acf31e9400 JavaThread "Reference Handler"          daemon [_thread_blocked, id=21804, stack(0x0000007066900000,0x0000007066a00000) (1024K)]
  0x000001ac9b64e140 JavaThread "Finalizer"                  daemon [_thread_blocked, id=3768, stack(0x0000007066a00000,0x0000007066b00000) (1024K)]
  0x000001acf31f13c0 JavaThread "Signal Dispatcher"          daemon [_thread_blocked, id=17864, stack(0x0000007066b00000,0x0000007066c00000) (1024K)]
  0x000001acf31f3e30 JavaThread "Attach Listener"            daemon [_thread_blocked, id=21940, stack(0x0000007066c00000,0x0000007066d00000) (1024K)]
  0x000001acf31f5af0 JavaThread "Service Thread"             daemon [_thread_blocked, id=10812, stack(0x0000007066d00000,0x0000007066e00000) (1024K)]
  0x000001acf31fa5e0 JavaThread "Monitor Deflation Thread"   daemon [_thread_blocked, id=6100, stack(0x0000007066e00000,0x0000007066f00000) (1024K)]
=>0x000001acf44587a0 JavaThread "C2 CompilerThread0"         daemon [_thread_in_native, id=10248, stack(0x0000007066f00000,0x0000007067000000) (1024K)]
  0x000001acf448b500 JavaThread "C1 CompilerThread0"         daemon [_thread_blocked, id=21796, stack(0x0000007067000000,0x0000007067100000) (1024K)]
  0x000001acf31f9f50 JavaThread "Common-Cleaner"             daemon [_thread_blocked, id=21540, stack(0x0000007067100000,0x0000007067200000) (1024K)]
  0x000001acf31fb300 JavaThread "Notification Thread"        daemon [_thread_blocked, id=21668, stack(0x0000007067200000,0x0000007067300000) (1024K)]
  0x000001acf31f98c0 JavaThread "Active Thread: Equinox Container: 9e34a740-36f4-4193-a22d-02a032c1c783"        [_thread_blocked, id=5516, stack(0x0000007067300000,0x0000007067400000) (1024K)]
  0x000001acf31fac70 JavaThread "Refresh Thread: Equinox Container: 9e34a740-36f4-4193-a22d-02a032c1c783" daemon [_thread_blocked, id=9004, stack(0x0000007067b00000,0x0000007067c00000) (1024K)]
  0x000001acf31fb990 JavaThread "Framework Event Dispatcher: Equinox Container: 9e34a740-36f4-4193-a22d-02a032c1c783" daemon [_thread_blocked, id=22228, stack(0x0000007067c00000,0x0000007067d00000) (1024K)]
  0x000001acf31fc020 JavaThread "Start Level: Equinox Container: 9e34a740-36f4-4193-a22d-02a032c1c783" daemon [_thread_blocked, id=22232, stack(0x0000007067d00000,0x0000007067e00000) (1024K)]
  0x000001acf31fcd40 JavaThread "Bundle File Closer"         daemon [_thread_blocked, id=3144, stack(0x0000007068100000,0x0000007068200000) (1024K)]
  0x000001acfa431270 JavaThread "SCR Component Actor"        daemon [_thread_blocked, id=16484, stack(0x0000007067e00000,0x0000007067f00000) (1024K)]
  0x000001acfa430be0 JavaThread "Worker-JM"                         [_thread_blocked, id=10716, stack(0x0000007068200000,0x0000007068300000) (1024K)]
  0x000001acfa42e480 JavaThread "JNA Cleaner"                daemon [_thread_blocked, id=9032, stack(0x0000007068300000,0x0000007068400000) (1024K)]
  0x000001acfa42f830 JavaThread "Java indexing"              daemon [_thread_blocked, id=15936, stack(0x0000007068900000,0x0000007068a00000) (1024K)]
  0x000001acfa432cb0 JavaThread "Thread-1"                   daemon [_thread_in_native, id=22384, stack(0x0000007068e00000,0x0000007068f00000) (1024K)]
  0x000001acfa433340 JavaThread "Thread-2"                   daemon [_thread_in_native, id=19948, stack(0x0000007068f00000,0x0000007069000000) (1024K)]
  0x000001acfa42fec0 JavaThread "Thread-3"                   daemon [_thread_in_native, id=18484, stack(0x0000007069000000,0x0000007069100000) (1024K)]
  0x000001acfa435410 JavaThread "Thread-4"                   daemon [_thread_in_native, id=2616, stack(0x0000007069100000,0x0000007069200000) (1024K)]
  0x000001acfa4339d0 JavaThread "Thread-5"                   daemon [_thread_in_native, id=15888, stack(0x0000007069200000,0x0000007069300000) (1024K)]
  0x000001acfa434060 JavaThread "Thread-6"                   daemon [_thread_in_native, id=1756, stack(0x0000007069300000,0x0000007069400000) (1024K)]
  0x000001acfa4346f0 JavaThread "Thread-7"                   daemon [_thread_in_native, id=16176, stack(0x0000007069400000,0x0000007069500000) (1024K)]
  0x000001acfa434d80 JavaThread "Thread-8"                   daemon [_thread_in_native, id=22252, stack(0x0000007069500000,0x0000007069600000) (1024K)]
  0x000001acfcc55b80 JavaThread "Thread-9"                   daemon [_thread_in_native, id=10792, stack(0x0000007069600000,0x0000007069700000) (1024K)]
  0x000001acfcc56210 JavaThread "Thread-10"                  daemon [_thread_in_native, id=14200, stack(0x0000007069700000,0x0000007069800000) (1024K)]
  0x000001acfcc56f30 JavaThread "Thread-11"                  daemon [_thread_in_native, id=20176, stack(0x0000007069800000,0x0000007069900000) (1024K)]
  0x000001acfcc582e0 JavaThread "Thread-12"                  daemon [_thread_in_native, id=2384, stack(0x0000007069900000,0x0000007069a00000) (1024K)]
  0x000001acfcc58970 JavaThread "Thread-13"                  daemon [_thread_in_native, id=5068, stack(0x0000007069a00000,0x0000007069b00000) (1024K)]
  0x000001acfcc568a0 JavaThread "pool-2-thread-1"                   [_thread_blocked, id=10556, stack(0x0000007069b00000,0x0000007069c00000) (1024K)]
  0x000001acfcc59690 JavaThread "WorkspaceEventsHandler"            [_thread_blocked, id=22520, stack(0x0000007069d00000,0x0000007069e00000) (1024K)]
  0x000001acfcc59d20 JavaThread "pool-1-thread-1"                   [_thread_blocked, id=13796, stack(0x0000007069e00000,0x0000007069f00000) (1024K)]
  0x000001acf443dd30 JavaThread "Cleaner-0"                  daemon [_thread_blocked, id=3272, stack(0x0000007066400000,0x0000007066500000) (1024K)]
  0x000001acf443c2f0 JavaThread "Worker-7"                          [_thread_blocked, id=20204, stack(0x000000706a000000,0x000000706a100000) (1024K)]
  0x000001acfc343f00 JavaThread "Worker-8"                          [_thread_blocked, id=23452, stack(0x0000007069c00000,0x0000007069d00000) (1024K)]
  0x000001acfda40c30 JavaThread "ForkJoinPool.commonPool-worker-17" daemon [_thread_blocked, id=7816, stack(0x0000007068400000,0x0000007068500000) (1024K)]
  0x000001acfda44740 JavaThread "ForkJoinPool.commonPool-worker-18" daemon [_thread_blocked, id=25492, stack(0x0000007068500000,0x0000007068600000) (1024K)]
  0x000001acfda412c0 JavaThread "ForkJoinPool.commonPool-worker-19" daemon [_thread_blocked, id=23948, stack(0x0000007068600000,0x0000007068700000) (1024K)]
  0x000001acfda44dd0 JavaThread "ForkJoinPool.commonPool-worker-20" daemon [_thread_blocked, id=7096, stack(0x0000007068700000,0x0000007068800000) (1024K)]
  0x000001acfda41950 JavaThread "Worker-10"                         [_thread_blocked, id=24052, stack(0x0000007068800000,0x0000007068900000) (1024K)]
  0x000001acfda46810 JavaThread "Worker-11"                         [_thread_blocked, id=23792, stack(0x0000007068a00000,0x0000007068b00000) (1024K)]
  0x000001acfda47bc0 JavaThread "Compiler Source File Reader" daemon [_thread_blocked, id=23780, stack(0x0000007068c00000,0x0000007068d00000) (1024K)]
  0x000001acfda46ea0 JavaThread "Compiler Source File Reader" daemon [_thread_blocked, id=23784, stack(0x0000007068d00000,0x0000007068e00000) (1024K)]
  0x000001acfda48250 JavaThread "Compiler Source File Reader" daemon [_thread_blocked, id=23696, stack(0x0000007069f00000,0x000000706a000000) (1024K)]
  0x000001acfda45460 JavaThread "Compiler Source File Reader" daemon [_thread_blocked, id=3896, stack(0x000000706a100000,0x000000706a200000) (1024K)]
  0x000001acfda47530 JavaThread "Compiler Source File Reader" daemon [_thread_blocked, id=24756, stack(0x000000706a200000,0x000000706a300000) (1024K)]
  0x000001acfda45af0 JavaThread "Compiler Source File Reader" daemon [_thread_blocked, id=26548, stack(0x000000706a300000,0x000000706a400000) (1024K)]
  0x000001acfda46180 JavaThread "Compiler Source File Reader" daemon [_thread_blocked, id=23048, stack(0x000000706a400000,0x000000706a500000) (1024K)]
  0x000001acf443af40 JavaThread "Compiler Source File Reader" daemon [_thread_blocked, id=23520, stack(0x000000706a500000,0x000000706a600000) (1024K)]
  0x000001acf4439500 JavaThread "Compiler Source File Reader" daemon [_thread_blocked, id=4256, stack(0x000000706a600000,0x000000706a700000) (1024K)]
  0x000001acf443a220 JavaThread "Compiler Source File Reader" daemon [_thread_blocked, id=20732, stack(0x000000706a700000,0x000000706a800000) (1024K)]
  0x000001acf443bc60 JavaThread "ForkJoinPool.commonPool-worker-21" daemon [_thread_blocked, id=12120, stack(0x000000706a800000,0x000000706a900000) (1024K)]
  0x000001acf44387e0 JavaThread "ForkJoinPool.commonPool-worker-22" daemon [_thread_blocked, id=12276, stack(0x000000706a900000,0x000000706aa00000) (1024K)]
  0x000001acf443a8b0 JavaThread "ForkJoinPool.commonPool-worker-23" daemon [_thread_blocked, id=22580, stack(0x000000706aa00000,0x000000706ab00000) (1024K)]
  0x000001acf4438e70 JavaThread "Compiler Processing Task"   daemon [_thread_blocked, id=7200, stack(0x000000706ab00000,0x000000706ac00000) (1024K)]
  0x000001acf443ea50 JavaThread "Compiler Class File Writer" daemon [_thread_blocked, id=13260, stack(0x000000706ac00000,0x000000706ad00000) (1024K)]
  0x000001acf443c980 JavaThread "Compiler Class File Writer" daemon [_thread_blocked, id=15736, stack(0x000000706ad00000,0x000000706ae00000) (1024K)]
  0x000001acf443f0e0 JavaThread "Compiler Class File Writer" daemon [_thread_blocked, id=22768, stack(0x000000706ae00000,0x000000706af00000) (1024K)]
  0x000001acf443d010 JavaThread "Compiler Class File Writer" daemon [_thread_blocked, id=7076, stack(0x000000706af00000,0x000000706b000000) (1024K)]
  0x000001acf443fe00 JavaThread "Compiler Class File Writer" daemon [_thread_blocked, id=2968, stack(0x000000706b000000,0x000000706b100000) (1024K)]
  0x000001acfc33f040 JavaThread "Compiler Class File Writer" daemon [_thread_blocked, id=22284, stack(0x000000706b200000,0x000000706b300000) (1024K)]
  0x000001acfc33cf70 JavaThread "Compiler Class File Writer" daemon [_thread_blocked, id=10136, stack(0x000000706b300000,0x000000706b400000) (1024K)]
  0x000001acfc33f6d0 JavaThread "Compiler Class File Writer" daemon [_thread_blocked, id=25272, stack(0x000000706b400000,0x000000706b500000) (1024K)]
  0x000001acfc33d600 JavaThread "Compiler Class File Writer" daemon [_thread_blocked, id=25264, stack(0x000000706b500000,0x000000706b600000) (1024K)]
  0x000001acfc33dc90 JavaThread "Compiler Class File Writer" daemon [_thread_blocked, id=13960, stack(0x000000706b600000,0x000000706b700000) (1024K)]
  0x000001acfc33e9b0 JavaThread "Worker-12"                         [_thread_blocked, id=5184, stack(0x000000706b700000,0x000000706b800000) (1024K)]
Total: 70

Other Threads:
  0x000001acf31e2960 VMThread "VM Thread"                           [id=12836, stack(0x0000007066800000,0x0000007066900000) (1024K)]
  0x000001acf30dca00 WatcherThread "VM Periodic Task Thread"        [id=14772, stack(0x0000007066700000,0x0000007066800000) (1024K)]
  0x000001ac9b5b7d80 WorkerThread "GC Thread#0"                     [id=19408, stack(0x0000007066600000,0x0000007066700000) (1024K)]
  0x000001acf55e8b00 WorkerThread "GC Thread#1"                     [id=13268, stack(0x0000007067400000,0x0000007067500000) (1024K)]
  0x000001acf5af98a0 WorkerThread "GC Thread#2"                     [id=13764, stack(0x0000007067500000,0x0000007067600000) (1024K)]
  0x000001acf55b73e0 WorkerThread "GC Thread#3"                     [id=13648, stack(0x0000007067600000,0x0000007067700000) (1024K)]
  0x000001acf55b7790 WorkerThread "GC Thread#4"                     [id=13024, stack(0x0000007067700000,0x0000007067800000) (1024K)]
  0x000001acf55b7f40 WorkerThread "GC Thread#5"                     [id=21312, stack(0x0000007067800000,0x0000007067900000) (1024K)]
  0x000001acf575edb0 WorkerThread "GC Thread#6"                     [id=21316, stack(0x0000007067900000,0x0000007067a00000) (1024K)]
  0x000001acf575f160 WorkerThread "GC Thread#7"                     [id=15640, stack(0x0000007067a00000,0x0000007067b00000) (1024K)]
  0x000001acf57603d0 WorkerThread "GC Thread#8"                     [id=3188, stack(0x0000007067f00000,0x0000007068000000) (1024K)]
  0x000001acf5760780 WorkerThread "GC Thread#9"                     [id=4972, stack(0x0000007068000000,0x0000007068100000) (1024K)]
Total: 12

Threads with active compile tasks:
C2 CompilerThread0  3344501 20981       4       org.eclipse.jdt.internal.compiler.parser.Parser::consumeRule (7843 bytes)
Total: 1

VM state: not at safepoint (normal execution)

VM Mutex/Monitor currently owned by a thread: None

Heap address: 0x0000000080000000, size: 2048 MB, Compressed Oops mode: 32-bit

CDS archive(s) mapped at: [0x000001acb2000000-0x000001acb2ba0000-0x000001acb2ba0000), size 12189696, SharedBaseAddress: 0x000001acb2000000, ArchiveRelocationMode: 1.
Compressed class space mapped at: 0x000001acb3000000-0x000001acf3000000, reserved size: 1073741824
Narrow klass base: 0x000001acb2000000, Narrow klass shift: 0, Narrow klass range: 0x100000000

GC Precious Log:
 CardTable entry size: 512
 CPUs: 12 total, 12 available
 Memory: 7528M
 Large Page Support: Disabled
 NUMA Support: Disabled
 Compressed Oops: Enabled (32-bit)
 Alignments: Space 512K, Generation 512K, Heap 2M
 Heap Min Capacity: 100M
 Heap Initial Capacity: 100M
 Heap Max Capacity: 2G
 Pre-touch: Disabled
 Parallel Workers: 10

Heap:
 PSYoungGen      total 2560K, used 949K [0x00000000d5580000, 0x00000000d5900000, 0x0000000100000000)
  eden space 1536K, 28% used [0x00000000d5580000,0x00000000d55ed798,0x00000000d5700000)
  from space 1024K, 50% used [0x00000000d5700000,0x00000000d5780000,0x00000000d5800000)
  to   space 1024K, 0% used [0x00000000d5800000,0x00000000d5800000,0x00000000d5900000)
 ParOldGen       total 156160K, used 155928K [0x0000000080000000, 0x0000000089880000, 0x00000000d5580000)
  object space 156160K, 99% used [0x0000000080000000,0x00000000898462b8,0x0000000089880000)
 Metaspace       used 87400K, committed 89280K, reserved 1179648K
  class space    used 8814K, committed 9664K, reserved 1048576K

Card table byte_map: [0x000001ac9af50000,0x000001ac9b360000] _byte_map_base: 0x000001ac9ab50000

Marking Bits: (ParMarkBitMap*) 0x00007ff8fb523450
 Begin Bits: [0x000001acada40000, 0x000001acafa40000)
 End Bits:   [0x000001acafa40000, 0x000001acb1a40000)

Polling page: 0x000001ac99790000

Metaspace:

Usage:
  Non-class:     76.74 MB used.
      Class:      8.61 MB used.
       Both:     85.35 MB used.

Virtual space:
  Non-class space:      128.00 MB reserved,      77.75 MB ( 61%) committed,  2 nodes.
      Class space:        1.00 GB reserved,       9.44 MB ( <1%) committed,  1 nodes.
             Both:        1.12 GB reserved,      87.19 MB (  8%) committed. 

Chunk freelists:
   Non-Class:  2.21 MB
       Class:  6.66 MB
        Both:  8.88 MB

MaxMetaspaceSize: unlimited
CompressedClassSpaceSize: 1.00 GB
Initial GC threshold: 21.00 MB
Current GC threshold: 145.00 MB
CDS: on
 - commit_granule_bytes: 65536.
 - commit_granule_words: 8192.
 - virtual_space_node_default_size: 8388608.
 - enlarge_chunks_in_place: 1.
 - use_allocation_guard: 0.


Internal statistics:

num_allocs_failed_limit: 9.
num_arena_births: 1612.
num_arena_deaths: 322.
num_vsnodes_births: 3.
num_vsnodes_deaths: 0.
num_space_committed: 1395.
num_space_uncommitted: 0.
num_chunks_returned_to_freelist: 371.
num_chunks_taken_from_freelist: 5968.
num_chunk_merges: 73.
num_chunk_splits: 3502.
num_chunks_enlarged: 1917.
num_inconsistent_stats: 0.

CodeHeap 'non-profiled nmethods': size=120000Kb used=17986Kb max_used=20665Kb free=102013Kb
 bounds [0x000001aca6260000, 0x000001aca7690000, 0x000001acad790000]
CodeHeap 'profiled nmethods': size=120000Kb used=41364Kb max_used=49961Kb free=78635Kb
 bounds [0x000001ac9e790000, 0x000001aca1860000, 0x000001aca5cc0000]
CodeHeap 'non-nmethods': size=5760Kb used=1517Kb max_used=1613Kb free=4242Kb
 bounds [0x000001aca5cc0000, 0x000001aca5f30000, 0x000001aca6260000]
CodeCache: size=245760Kb, used=60867Kb, max_used=72239Kb, free=184890Kb
 total_blobs=17585, nmethods=16754, adapters=733, full_count=0
Compilation: enabled, stopped_count=0, restarted_count=0

Compilation events (20 events):
Event: 3332.104 Thread 0x000001acf44587a0 nmethod 20971 0x000001aca6509c90 code [0x000001aca6509ea0, 0x000001aca650a528]
Event: 3332.124 Thread 0x000001acf448b500 20974       3       org.eclipse.jdt.internal.compiler.env.IModuleAwareNameEnvironment::getUniqueModulesDeclaringPackage (85 bytes)
Event: 3332.125 Thread 0x000001acf448b500 nmethod 20974 0x000001ac9ecc1e10 code [0x000001ac9ecc2000, 0x000001ac9ecc24c0]
Event: 3332.128 Thread 0x000001acf448b500 20975       3       org.eclipse.jdt.internal.compiler.Compiler::resolve (11 bytes)
Event: 3332.129 Thread 0x000001acf448b500 nmethod 20975 0x000001ac9eb58490 code [0x000001ac9eb58640, 0x000001ac9eb58830]
Event: 3332.142 Thread 0x000001acf448b500 20976       3       org.eclipse.jdt.internal.compiler.ast.IfStatement::bindingsWhenComplete (65 bytes)
Event: 3332.144 Thread 0x000001acf448b500 nmethod 20976 0x000001ac9ecc3d10 code [0x000001ac9ecc3f40, 0x000001ac9ecc4548]
Event: 3344.062 Thread 0x000001acf448b500 20977       3       com.google.gson.internal.bind.JsonAdapterAnnotationTypeAdapterFactory::getAnnotation (10 bytes)
Event: 3344.068 Thread 0x000001acf448b500 nmethod 20977 0x000001ac9ecfd690 code [0x000001ac9ecfd880, 0x000001ac9ecfdd60]
Event: 3344.068 Thread 0x000001acf448b500 20978       3       org.eclipse.lsp4j.jsonrpc.json.adapters.TupleTypeAdapters$TwoTypeAdapterFactory::create (22 bytes)
Event: 3344.076 Thread 0x000001acf448b500 nmethod 20978 0x000001ac9e950110 code [0x000001ac9e9502e0, 0x000001ac9e950550]
Event: 3344.076 Thread 0x000001acf448b500 20979       3       org.eclipse.lsp4j.jsonrpc.json.adapters.EitherTypeAdapter$Factory::create (22 bytes)
Event: 3344.077 Thread 0x000001acf448b500 nmethod 20979 0x000001ac9ea80b90 code [0x000001ac9ea80d60, 0x000001ac9ea80fd8]
Event: 3344.098 Thread 0x000001acf448b500 20980       1       org.eclipse.jdt.ls.core.internal.preferences.Preferences::getRootPaths (5 bytes)
Event: 3344.099 Thread 0x000001acf448b500 nmethod 20980 0x000001aca6412210 code [0x000001aca64123a0, 0x000001aca6412470]
Event: 3344.358 Thread 0x000001acf44587a0 20981       4       org.eclipse.jdt.internal.compiler.parser.Parser::consumeRule (7843 bytes)
Event: 3344.371 Thread 0x000001acf448b500 20982       3       org.eclipse.jdt.internal.compiler.ast.QualifiedNameReference::generateCode (488 bytes)
Event: 3344.382 Thread 0x000001acf448b500 nmethod 20982 0x000001ac9f0e2510 code [0x000001ac9f0e2900, 0x000001ac9f0e4a38]
Event: 3344.382 Thread 0x000001acf448b500 20983       3       org.eclipse.jdt.internal.compiler.ast.QualifiedNameReference::getGenericCast (27 bytes)
Event: 3344.382 Thread 0x000001acf448b500 nmethod 20983 0x000001ac9eb5e390 code [0x000001ac9eb5e540, 0x000001ac9eb5e738]

GC Heap History (20 events):
Event: 3331.437 GC heap before
{Heap before GC invocations=2104 (full 5):
 PSYoungGen      total 2048K, used 1984K [0x00000000d5580000, 0x00000000d5900000, 0x0000000100000000)
  eden space 1536K, 100% used [0x00000000d5580000,0x00000000d5700000,0x00000000d5700000)
  from space 512K, 87% used [0x00000000d5880000,0x00000000d58f0000,0x00000000d5900000)
  to   space 512K, 0% used [0x00000000d5800000,0x00000000d5800000,0x00000000d5880000)
 ParOldGen       total 153088K, used 153052K [0x0000000080000000, 0x0000000089580000, 0x00000000d5580000)
  object space 153088K, 99% used [0x0000000080000000,0x0000000089577248,0x0000000089580000)
 Metaspace       used 87390K, committed 89280K, reserved 1179648K
  class space    used 8814K, committed 9664K, reserved 1048576K
}
Event: 3331.443 GC heap after
{Heap after GC invocations=2104 (full 5):
 PSYoungGen      total 2048K, used 384K [0x00000000d5580000, 0x00000000d5900000, 0x0000000100000000)
  eden space 1536K, 0% used [0x00000000d5580000,0x00000000d5580000,0x00000000d5700000)
  from space 512K, 75% used [0x00000000d5800000,0x00000000d5860000,0x00000000d5880000)
  to   space 512K, 0% used [0x00000000d5880000,0x00000000d5880000,0x00000000d5900000)
 ParOldGen       total 153600K, used 153204K [0x0000000080000000, 0x0000000089600000, 0x00000000d5580000)
  object space 153600K, 99% used [0x0000000080000000,0x000000008959d248,0x0000000089600000)
 Metaspace       used 87390K, committed 89280K, reserved 1179648K
  class space    used 8814K, committed 9664K, reserved 1048576K
}
Event: 3331.493 GC heap before
{Heap before GC invocations=2105 (full 5):
 PSYoungGen      total 2048K, used 1920K [0x00000000d5580000, 0x00000000d5900000, 0x0000000100000000)
  eden space 1536K, 100% used [0x00000000d5580000,0x00000000d5700000,0x00000000d5700000)
  from space 512K, 75% used [0x00000000d5800000,0x00000000d5860000,0x00000000d5880000)
  to   space 512K, 0% used [0x00000000d5880000,0x00000000d5880000,0x00000000d5900000)
 ParOldGen       total 153600K, used 153204K [0x0000000080000000, 0x0000000089600000, 0x00000000d5580000)
  object space 153600K, 99% used [0x0000000080000000,0x000000008959d248,0x0000000089600000)
 Metaspace       used 87390K, committed 89280K, reserved 1179648K
  class space    used 8814K, committed 9664K, reserved 1048576K
}
Event: 3331.500 GC heap after
{Heap after GC invocations=2105 (full 5):
 PSYoungGen      total 2048K, used 256K [0x00000000d5580000, 0x00000000d5900000, 0x0000000100000000)
  eden space 1536K, 0% used [0x00000000d5580000,0x00000000d5580000,0x00000000d5700000)
  from space 512K, 50% used [0x00000000d5880000,0x00000000d58c0000,0x00000000d5900000)
  to   space 512K, 0% used [0x00000000d5800000,0x00000000d5800000,0x00000000d5880000)
 ParOldGen       total 153600K, used 153412K [0x0000000080000000, 0x0000000089600000, 0x00000000d5580000)
  object space 153600K, 99% used [0x0000000080000000,0x00000000895d1248,0x0000000089600000)
 Metaspace       used 87390K, committed 89280K, reserved 1179648K
  class space    used 8814K, committed 9664K, reserved 1048576K
}
Event: 3331.672 GC heap before
{Heap before GC invocations=2106 (full 5):
 PSYoungGen      total 2048K, used 1792K [0x00000000d5580000, 0x00000000d5900000, 0x0000000100000000)
  eden space 1536K, 100% used [0x00000000d5580000,0x00000000d5700000,0x00000000d5700000)
  from space 512K, 50% used [0x00000000d5880000,0x00000000d58c0000,0x00000000d5900000)
  to   space 512K, 0% used [0x00000000d5800000,0x00000000d5800000,0x00000000d5880000)
 ParOldGen       total 153600K, used 153412K [0x0000000080000000, 0x0000000089600000, 0x00000000d5580000)
  object space 153600K, 99% used [0x0000000080000000,0x00000000895d1248,0x0000000089600000)
 Metaspace       used 87390K, committed 89280K, reserved 1179648K
  class space    used 8814K, committed 9664K, reserved 1048576K
}
Event: 3331.676 GC heap after
{Heap after GC invocations=2106 (full 5):
 PSYoungGen      total 2048K, used 400K [0x00000000d5580000, 0x00000000d5900000, 0x0000000100000000)
  eden space 1536K, 0% used [0x00000000d5580000,0x00000000d5580000,0x00000000d5700000)
  from space 512K, 78% used [0x00000000d5800000,0x00000000d5864010,0x00000000d5880000)
  to   space 512K, 0% used [0x00000000d5880000,0x00000000d5880000,0x00000000d5900000)
 ParOldGen       total 153600K, used 153476K [0x0000000080000000, 0x0000000089600000, 0x00000000d5580000)
  object space 153600K, 99% used [0x0000000080000000,0x00000000895e1248,0x0000000089600000)
 Metaspace       used 87390K, committed 89280K, reserved 1179648K
  class space    used 8814K, committed 9664K, reserved 1048576K
}
Event: 3331.909 GC heap before
{Heap before GC invocations=2107 (full 5):
 PSYoungGen      total 2048K, used 1936K [0x00000000d5580000, 0x00000000d5900000, 0x0000000100000000)
  eden space 1536K, 100% used [0x00000000d5580000,0x00000000d5700000,0x00000000d5700000)
  from space 512K, 78% used [0x00000000d5800000,0x00000000d5864010,0x00000000d5880000)
  to   space 512K, 0% used [0x00000000d5880000,0x00000000d5880000,0x00000000d5900000)
 ParOldGen       total 153600K, used 153476K [0x0000000080000000, 0x0000000089600000, 0x00000000d5580000)
  object space 153600K, 99% used [0x0000000080000000,0x00000000895e1248,0x0000000089600000)
 Metaspace       used 87391K, committed 89280K, reserved 1179648K
  class space    used 8814K, committed 9664K, reserved 1048576K
}
Event: 3331.910 GC heap after
{Heap after GC invocations=2107 (full 5):
 PSYoungGen      total 2048K, used 320K [0x00000000d5580000, 0x00000000d5900000, 0x0000000100000000)
  eden space 1536K, 0% used [0x00000000d5580000,0x00000000d5580000,0x00000000d5700000)
  from space 512K, 62% used [0x00000000d5880000,0x00000000d58d0000,0x00000000d5900000)
  to   space 512K, 0% used [0x00000000d5800000,0x00000000d5800000,0x00000000d5880000)
 ParOldGen       total 153600K, used 153556K [0x0000000080000000, 0x0000000089600000, 0x00000000d5580000)
  object space 153600K, 99% used [0x0000000080000000,0x00000000895f5248,0x0000000089600000)
 Metaspace       used 87391K, committed 89280K, reserved 1179648K
  class space    used 8814K, committed 9664K, reserved 1048576K
}
Event: 3332.054 GC heap before
{Heap before GC invocations=2108 (full 5):
 PSYoungGen      total 2048K, used 1855K [0x00000000d5580000, 0x00000000d5900000, 0x0000000100000000)
  eden space 1536K, 99% used [0x00000000d5580000,0x00000000d56fffe8,0x00000000d5700000)
  from space 512K, 62% used [0x00000000d5880000,0x00000000d58d0000,0x00000000d5900000)
  to   space 512K, 0% used [0x00000000d5800000,0x00000000d5800000,0x00000000d5880000)
 ParOldGen       total 153600K, used 153556K [0x0000000080000000, 0x0000000089600000, 0x00000000d5580000)
  object space 153600K, 99% used [0x0000000080000000,0x00000000895f5248,0x0000000089600000)
 Metaspace       used 87391K, committed 89280K, reserved 1179648K
  class space    used 8814K, committed 9664K, reserved 1048576K
}
Event: 3332.058 GC heap after
{Heap after GC invocations=2108 (full 5):
 PSYoungGen      total 2048K, used 480K [0x00000000d5580000, 0x00000000d5900000, 0x0000000100000000)
  eden space 1536K, 0% used [0x00000000d5580000,0x00000000d5580000,0x00000000d5700000)
  from space 512K, 93% used [0x00000000d5800000,0x00000000d5878020,0x00000000d5880000)
  to   space 512K, 0% used [0x00000000d5880000,0x00000000d5880000,0x00000000d5900000)
 ParOldGen       total 154112K, used 153628K [0x0000000080000000, 0x0000000089680000, 0x00000000d5580000)
  object space 154112K, 99% used [0x0000000080000000,0x0000000089607248,0x0000000089680000)
 Metaspace       used 87391K, committed 89280K, reserved 1179648K
  class space    used 8814K, committed 9664K, reserved 1048576K
}
Event: 3332.086 GC heap before
{Heap before GC invocations=2109 (full 5):
 PSYoungGen      total 2048K, used 2016K [0x00000000d5580000, 0x00000000d5900000, 0x0000000100000000)
  eden space 1536K, 100% used [0x00000000d5580000,0x00000000d5700000,0x00000000d5700000)
  from space 512K, 93% used [0x00000000d5800000,0x00000000d5878020,0x00000000d5880000)
  to   space 512K, 0% used [0x00000000d5880000,0x00000000d5880000,0x00000000d5900000)
 ParOldGen       total 154112K, used 153628K [0x0000000080000000, 0x0000000089680000, 0x00000000d5580000)
  object space 154112K, 99% used [0x0000000080000000,0x0000000089607248,0x0000000089680000)
 Metaspace       used 87391K, committed 89280K, reserved 1179648K
  class space    used 8814K, committed 9664K, reserved 1048576K
}
Event: 3332.089 GC heap after
{Heap after GC invocations=2109 (full 5):
 PSYoungGen      total 2048K, used 320K [0x00000000d5580000, 0x00000000d5900000, 0x0000000100000000)
  eden space 1536K, 0% used [0x00000000d5580000,0x00000000d5580000,0x00000000d5700000)
  from space 512K, 62% used [0x00000000d5880000,0x00000000d58d0000,0x00000000d5900000)
  to   space 512K, 0% used [0x00000000d5800000,0x00000000d5800000,0x00000000d5880000)
 ParOldGen       total 154112K, used 154065K [0x0000000080000000, 0x0000000089680000, 0x00000000d5580000)
  object space 154112K, 99% used [0x0000000080000000,0x00000000896746f8,0x0000000089680000)
 Metaspace       used 87391K, committed 89280K, reserved 1179648K
  class space    used 8814K, committed 9664K, reserved 1048576K
}
Event: 3332.116 GC heap before
{Heap before GC invocations=2110 (full 5):
 PSYoungGen      total 2048K, used 1856K [0x00000000d5580000, 0x00000000d5900000, 0x0000000100000000)
  eden space 1536K, 100% used [0x00000000d5580000,0x00000000d5700000,0x00000000d5700000)
  from space 512K, 62% used [0x00000000d5880000,0x00000000d58d0000,0x00000000d5900000)
  to   space 512K, 0% used [0x00000000d5800000,0x00000000d5800000,0x00000000d5880000)
 ParOldGen       total 154112K, used 154065K [0x0000000080000000, 0x0000000089680000, 0x00000000d5580000)
  object space 154112K, 99% used [0x0000000080000000,0x00000000896746f8,0x0000000089680000)
 Metaspace       used 87391K, committed 89280K, reserved 1179648K
  class space    used 8814K, committed 9664K, reserved 1048576K
}
Event: 3332.120 GC heap after
{Heap after GC invocations=2110 (full 5):
 PSYoungGen      total 2048K, used 512K [0x00000000d5580000, 0x00000000d5900000, 0x0000000100000000)
  eden space 1536K, 0% used [0x00000000d5580000,0x00000000d5580000,0x00000000d5700000)
  from space 512K, 100% used [0x00000000d5800000,0x00000000d5880000,0x00000000d5880000)
  to   space 512K, 0% used [0x00000000d5880000,0x00000000d5880000,0x00000000d5900000)
 ParOldGen       total 154624K, used 154344K [0x0000000080000000, 0x0000000089700000, 0x00000000d5580000)
  object space 154624K, 99% used [0x0000000080000000,0x00000000896ba138,0x0000000089700000)
 Metaspace       used 87391K, committed 89280K, reserved 1179648K
  class space    used 8814K, committed 9664K, reserved 1048576K
}
Event: 3332.138 GC heap before
{Heap before GC invocations=2111 (full 5):
 PSYoungGen      total 2048K, used 2048K [0x00000000d5580000, 0x00000000d5900000, 0x0000000100000000)
  eden space 1536K, 100% used [0x00000000d5580000,0x00000000d5700000,0x00000000d5700000)
  from space 512K, 100% used [0x00000000d5800000,0x00000000d5880000,0x00000000d5880000)
  to   space 512K, 0% used [0x00000000d5880000,0x00000000d5880000,0x00000000d5900000)
 ParOldGen       total 154624K, used 154344K [0x0000000080000000, 0x0000000089700000, 0x00000000d5580000)
  object space 154624K, 99% used [0x0000000080000000,0x00000000896ba138,0x0000000089700000)
 Metaspace       used 87391K, committed 89280K, reserved 1179648K
  class space    used 8814K, committed 9664K, reserved 1048576K
}
Event: 3332.142 GC heap after
{Heap after GC invocations=2111 (full 5):
 PSYoungGen      total 2048K, used 512K [0x00000000d5580000, 0x00000000d5a00000, 0x0000000100000000)
  eden space 1536K, 0% used [0x00000000d5580000,0x00000000d5580000,0x00000000d5700000)
  from space 512K, 100% used [0x00000000d5880000,0x00000000d5900000,0x00000000d5900000)
  to   space 1536K, 0% used [0x00000000d5700000,0x00000000d5700000,0x00000000d5880000)
 ParOldGen       total 155136K, used 154844K [0x0000000080000000, 0x0000000089780000, 0x00000000d5580000)
  object space 155136K, 99% used [0x0000000080000000,0x00000000897373e8,0x0000000089780000)
 Metaspace       used 87391K, committed 89280K, reserved 1179648K
  class space    used 8814K, committed 9664K, reserved 1048576K
}
Event: 3344.350 GC heap before
{Heap before GC invocations=2112 (full 5):
 PSYoungGen      total 2048K, used 2048K [0x00000000d5580000, 0x00000000d5a00000, 0x0000000100000000)
  eden space 1536K, 100% used [0x00000000d5580000,0x00000000d5700000,0x00000000d5700000)
  from space 512K, 100% used [0x00000000d5880000,0x00000000d5900000,0x00000000d5900000)
  to   space 1536K, 0% used [0x00000000d5700000,0x00000000d5700000,0x00000000d5880000)
 ParOldGen       total 155136K, used 154844K [0x0000000080000000, 0x0000000089780000, 0x00000000d5580000)
  object space 155136K, 99% used [0x0000000080000000,0x00000000897373e8,0x0000000089780000)
 Metaspace       used 87394K, committed 89280K, reserved 1179648K
  class space    used 8814K, committed 9664K, reserved 1048576K
}
Event: 3344.353 GC heap after
{Heap after GC invocations=2112 (full 5):
 PSYoungGen      total 2048K, used 320K [0x00000000d5580000, 0x00000000d5900000, 0x0000000100000000)
  eden space 1536K, 0% used [0x00000000d5580000,0x00000000d5580000,0x00000000d5700000)
  from space 512K, 62% used [0x00000000d5700000,0x00000000d5750000,0x00000000d5780000)
  to   space 1024K, 0% used [0x00000000d5800000,0x00000000d5800000,0x00000000d5900000)
 ParOldGen       total 155648K, used 155339K [0x0000000080000000, 0x0000000089800000, 0x00000000d5580000)
  object space 155648K, 99% used [0x0000000080000000,0x00000000897b2e28,0x0000000089800000)
 Metaspace       used 87394K, committed 89280K, reserved 1179648K
  class space    used 8814K, committed 9664K, reserved 1048576K
}
Event: 3344.376 GC heap before
{Heap before GC invocations=2113 (full 5):
 PSYoungGen      total 2048K, used 1855K [0x00000000d5580000, 0x00000000d5900000, 0x0000000100000000)
  eden space 1536K, 99% used [0x00000000d5580000,0x00000000d56fff68,0x00000000d5700000)
  from space 512K, 62% used [0x00000000d5700000,0x00000000d5750000,0x00000000d5780000)
  to   space 1024K, 0% used [0x00000000d5800000,0x00000000d5800000,0x00000000d5900000)
 ParOldGen       total 155648K, used 155339K [0x0000000080000000, 0x0000000089800000, 0x00000000d5580000)
  object space 155648K, 99% used [0x0000000080000000,0x00000000897b2e28,0x0000000089800000)
 Metaspace       used 87400K, committed 89280K, reserved 1179648K
  class space    used 8814K, committed 9664K, reserved 1048576K
}
Event: 3344.378 GC heap after
{Heap after GC invocations=2113 (full 5):
 PSYoungGen      total 2560K, used 624K [0x00000000d5580000, 0x00000000d5900000, 0x0000000100000000)
  eden space 1536K, 0% used [0x00000000d5580000,0x00000000d5580000,0x00000000d5700000)
  from space 1024K, 60% used [0x00000000d5800000,0x00000000d589c010,0x00000000d5900000)
  to   space 1024K, 0% used [0x00000000d5700000,0x00000000d5700000,0x00000000d5800000)
 ParOldGen       total 155648K, used 155443K [0x0000000080000000, 0x0000000089800000, 0x00000000d5580000)
  object space 155648K, 99% used [0x0000000080000000,0x00000000897cce28,0x0000000089800000)
 Metaspace       used 87400K, committed 89280K, reserved 1179648K
  class space    used 8814K, committed 9664K, reserved 1048576K
}

Dll operation events (12 events):
Event: 0.042 Loaded shared library c:\Users\Sarthak\.vscode\extensions\redhat.java-1.54.0-win32-x64\jre\21.0.10-win32-x86_64\bin\java.dll
Event: 0.249 Loaded shared library c:\Users\Sarthak\.vscode\extensions\redhat.java-1.54.0-win32-x64\jre\21.0.10-win32-x86_64\bin\zip.dll
Event: 0.308 Loaded shared library C:\Users\Sarthak\.vscode\extensions\redhat.java-1.54.0-win32-x64\jre\21.0.10-win32-x86_64\bin\instrument.dll
Event: 0.326 Loaded shared library C:\Users\Sarthak\.vscode\extensions\redhat.java-1.54.0-win32-x64\jre\21.0.10-win32-x86_64\bin\net.dll
Event: 0.333 Loaded shared library C:\Users\Sarthak\.vscode\extensions\redhat.java-1.54.0-win32-x64\jre\21.0.10-win32-x86_64\bin\nio.dll
Event: 0.343 Loaded shared library C:\Users\Sarthak\.vscode\extensions\redhat.java-1.54.0-win32-x64\jre\21.0.10-win32-x86_64\bin\zip.dll
Event: 0.396 Loaded shared library C:\Users\Sarthak\.vscode\extensions\redhat.java-1.54.0-win32-x64\jre\21.0.10-win32-x86_64\bin\jimage.dll
Event: 0.691 Loaded shared library c:\Users\Sarthak\.vscode\extensions\redhat.java-1.54.0-win32-x64\jre\21.0.10-win32-x86_64\bin\verify.dll
Event: 20.828 Loaded shared library C:\Users\Sarthak\AppData\Roaming\Code\User\globalStorage\redhat.java\1.54.0\config_win\org.eclipse.equinox.launcher\org.eclipse.equinox.launcher.win32.win32.x86_64_1.3.0.v20260203-2149\eclipse_11919.dll
Event: 40.982 Loaded shared library C:\Users\Sarthak\AppData\Local\Temp\jna--760737950\jna12862425249705345087.dll
Event: 44.904 Loaded shared library C:\Users\Sarthak\.vscode\extensions\redhat.java-1.54.0-win32-x64\jre\21.0.10-win32-x86_64\bin\sunmscapi.dll
Event: 46.116 Loaded shared library C:\Users\Sarthak\.vscode\extensions\redhat.java-1.54.0-win32-x64\jre\21.0.10-win32-x86_64\bin\extnet.dll

Deoptimization events (20 events):
Event: 3331.670 Thread 0x000001acfc343f00 Uncommon trap: trap_request=0xffffff45 fr.pc=0x000001aca704bb2c relative=0x00000000000005ac
Event: 3331.670 Thread 0x000001acfc343f00 Uncommon trap: reason=unstable_if action=reinterpret pc=0x000001aca704bb2c method=org.eclipse.jdt.internal.compiler.util.SimpleSetOfCharArray.add([C)Ljava/lang/Object; @ 25 c2
Event: 3331.670 Thread 0x000001acfc343f00 DEOPT PACKING pc=0x000001aca704bb2c sp=0x0000007069cfdec0
Event: 3331.670 Thread 0x000001acfc343f00 DEOPT UNPACKING pc=0x000001aca5d13aa2 sp=0x0000007069cfde58 mode 2
Event: 3331.670 Thread 0x000001acfc343f00 Uncommon trap: trap_request=0xffffff45 fr.pc=0x000001aca71f5c1c relative=0x000000000000007c
Event: 3331.670 Thread 0x000001acfc343f00 Uncommon trap: reason=unstable_if action=reinterpret pc=0x000001aca71f5c1c method=org.eclipse.jdt.internal.compiler.lookup.ModuleBinding.lambda$11([C)Z @ 4 c2
Event: 3331.670 Thread 0x000001acfc343f00 DEOPT PACKING pc=0x000001aca71f5c1c sp=0x0000007069cfdd70
Event: 3331.670 Thread 0x000001acfc343f00 DEOPT UNPACKING pc=0x000001aca5d13aa2 sp=0x0000007069cfdc88 mode 2
Event: 3344.200 Thread 0x000001acfc343f00 Uncommon trap: trap_request=0xffffffc6 fr.pc=0x000001aca658d814 relative=0x0000000000000ff4
Event: 3344.200 Thread 0x000001acfc343f00 Uncommon trap: reason=bimorphic_or_optimized_type_check action=maybe_recompile pc=0x000001aca658d814 method=org.eclipse.jdt.internal.compiler.parser.Parser.consumeRule(I)V @ 7206 c2
Event: 3344.200 Thread 0x000001acfc343f00 DEOPT PACKING pc=0x000001aca658d814 sp=0x0000007069cfe390
Event: 3344.200 Thread 0x000001acfc343f00 DEOPT UNPACKING pc=0x000001aca5d13aa2 sp=0x0000007069cfe318 mode 2
Event: 3344.357 Thread 0x000001acf443bc60 Uncommon trap: trap_request=0xffffffc6 fr.pc=0x000001aca658d814 relative=0x0000000000000ff4
Event: 3344.357 Thread 0x000001acf443bc60 Uncommon trap: reason=bimorphic_or_optimized_type_check action=maybe_recompile pc=0x000001aca658d814 method=org.eclipse.jdt.internal.compiler.parser.Parser.consumeRule(I)V @ 7206 c2
Event: 3344.357 Thread 0x000001acf443bc60 DEOPT PACKING pc=0x000001aca658d814 sp=0x000000706a8fe3d0
Event: 3344.358 Thread 0x000001acf443bc60 DEOPT UNPACKING pc=0x000001aca5d13aa2 sp=0x000000706a8fe358 mode 2
Event: 3344.370 Thread 0x000001acf443bc60 Uncommon trap: trap_request=0xffffff45 fr.pc=0x000001aca6e454a4 relative=0x0000000000000204
Event: 3344.370 Thread 0x000001acf443bc60 Uncommon trap: reason=unstable_if action=reinterpret pc=0x000001aca6e454a4 method=org.eclipse.jdt.internal.compiler.codegen.CodeStream.recordPositionsFrom(IIZ)V @ 518 c2
Event: 3344.370 Thread 0x000001acf443bc60 DEOPT PACKING pc=0x000001aca6e454a4 sp=0x000000706a8fe2d0
Event: 3344.370 Thread 0x000001acf443bc60 DEOPT UNPACKING pc=0x000001aca5d13aa2 sp=0x000000706a8fe268 mode 2

Classes loaded (20 events):
Event: 360.728 Loading class java/util/stream/Nodes$ToArrayTask done
Event: 360.728 Loading class java/util/stream/Nodes$ToArrayTask$OfRef done
Event: 360.733 Loading class java/io/ObjectOutputStream$BlockDataOutputStream
Event: 360.733 Loading class java/io/ObjectOutputStream$BlockDataOutputStream done
Event: 360.734 Loading class java/io/ObjectOutputStream$HandleTable
Event: 360.735 Loading class java/io/ObjectOutputStream$HandleTable done
Event: 360.735 Loading class java/io/ObjectOutputStream$ReplaceTable
Event: 360.735 Loading class java/io/ObjectOutputStream$ReplaceTable done
Event: 1577.523 Loading class java/util/ArrayDeque$DeqSpliterator
Event: 1577.574 Loading class java/util/ArrayDeque$DeqSpliterator done
Event: 1672.571 Loading class java/nio/channels/CompletionHandler
Event: 1672.573 Loading class java/nio/channels/CompletionHandler done
Event: 1672.821 Loading class java/util/regex/Pattern$Behind
Event: 1672.822 Loading class java/util/regex/Pattern$Behind done
Event: 1672.822 Loading class java/util/regex/Pattern$Neg
Event: 1672.822 Loading class java/util/regex/Pattern$Neg done
Event: 1829.468 Loading class java/lang/StringLatin1$CharsSpliterator
Event: 1829.470 Loading class java/lang/StringLatin1$CharsSpliterator done
Event: 3327.159 Loading class java/nio/file/FileTreeIterator
Event: 3327.208 Loading class java/nio/file/FileTreeIterator done

Classes unloaded (20 events):
Event: 2204.994 Thread 0x000001acf31e2960 Unloading class 0x000001acb3017400 'java/lang/invoke/LambdaForm$MH+0x000001acb3017400'
Event: 2204.994 Thread 0x000001acf31e2960 Unloading class 0x000001acb3016400 'java/lang/invoke/LambdaForm$MH+0x000001acb3016400'
Event: 2204.994 Thread 0x000001acf31e2960 Unloading class 0x000001acb300d800 'java/lang/invoke/LambdaForm$MH+0x000001acb300d800'
Event: 2204.994 Thread 0x000001acf31e2960 Unloading class 0x000001acb300d400 'java/lang/invoke/LambdaForm$MH+0x000001acb300d400'
Event: 2204.994 Thread 0x000001acf31e2960 Unloading class 0x000001acb300d000 'java/lang/invoke/LambdaForm$MH+0x000001acb300d000'
Event: 2204.994 Thread 0x000001acf31e2960 Unloading class 0x000001acb300cc00 'java/lang/invoke/LambdaForm$MH+0x000001acb300cc00'
Event: 2204.994 Thread 0x000001acf31e2960 Unloading class 0x000001acb300c800 'java/lang/invoke/LambdaForm$BMH+0x000001acb300c800'
Event: 2204.994 Thread 0x000001acf31e2960 Unloading class 0x000001acb300c000 'java/lang/invoke/LambdaForm$DMH+0x000001acb300c000'
Event: 2204.995 Thread 0x000001acf31e2960 Unloading class 0x000001acb3008c00 'java/lang/invoke/LambdaForm$MH+0x000001acb3008c00'
Event: 2204.995 Thread 0x000001acf31e2960 Unloading class 0x000001acb3008800 'java/lang/invoke/LambdaForm$MH+0x000001acb3008800'
Event: 2204.995 Thread 0x000001acf31e2960 Unloading class 0x000001acb3008400 'java/lang/invoke/LambdaForm$MH+0x000001acb3008400'
Event: 2204.995 Thread 0x000001acf31e2960 Unloading class 0x000001acb3007000 'java/lang/invoke/LambdaForm$MH+0x000001acb3007000'
Event: 2204.995 Thread 0x000001acf31e2960 Unloading class 0x000001acb3006800 'java/lang/invoke/LambdaForm$MH+0x000001acb3006800'
Event: 2204.995 Thread 0x000001acf31e2960 Unloading class 0x000001acb3006400 'java/lang/invoke/LambdaForm$MH+0x000001acb3006400'
Event: 2204.995 Thread 0x000001acf31e2960 Unloading class 0x000001acb3006000 'java/lang/invoke/LambdaForm$MH+0x000001acb3006000'
Event: 2204.995 Thread 0x000001acf31e2960 Unloading class 0x000001acb3005c00 'java/lang/invoke/LambdaForm$BMH+0x000001acb3005c00'
Event: 2204.995 Thread 0x000001acf31e2960 Unloading class 0x000001acb3004800 'java/lang/invoke/LambdaForm$DMH+0x000001acb3004800'
Event: 2204.995 Thread 0x000001acf31e2960 Unloading class 0x000001acb3002400 'java/lang/invoke/LambdaForm$MH+0x000001acb3002400'
Event: 2204.995 Thread 0x000001acf31e2960 Unloading class 0x000001acb3002000 'java/lang/invoke/LambdaForm$MH+0x000001acb3002000'
Event: 2204.995 Thread 0x000001acf31e2960 Unloading class 0x000001acb3001800 'java/lang/invoke/LambdaForm$MH+0x000001acb3001800'

Classes redefined (0 events):
No events

Internal exceptions (20 events):
Event: 3329.998 Thread 0x000001acfda46810 Exception <a 'sun/nio/fs/WindowsException'{0x00000000d5587660}> (0x00000000d5587660) 
thrown [s\src\hotspot\share\prims\jni.cpp, line 520]
Event: 3330.020 Thread 0x000001acfda46810 Exception <a 'sun/nio/fs/WindowsException'{0x00000000d55b1510}> (0x00000000d55b1510) 
thrown [s\src\hotspot\share\prims\jni.cpp, line 520]
Event: 3330.029 Thread 0x000001acfda46810 Exception <a 'sun/nio/fs/WindowsException'{0x00000000d55cec70}> (0x00000000d55cec70) 
thrown [s\src\hotspot\share\prims\jni.cpp, line 520]
Event: 3330.037 Thread 0x000001acfda46810 Exception <a 'sun/nio/fs/WindowsException'{0x00000000d55edc00}> (0x00000000d55edc00) 
thrown [s\src\hotspot\share\prims\jni.cpp, line 520]
Event: 3330.048 Thread 0x000001acfda46810 Exception <a 'sun/nio/fs/WindowsException'{0x00000000d560a700}> (0x00000000d560a700) 
thrown [s\src\hotspot\share\prims\jni.cpp, line 520]
Event: 3330.059 Thread 0x000001acfda46810 Exception <a 'sun/nio/fs/WindowsException'{0x00000000d5629dd8}> (0x00000000d5629dd8) 
thrown [s\src\hotspot\share\prims\jni.cpp, line 520]
Event: 3330.077 Thread 0x000001acfda46810 Exception <a 'sun/nio/fs/WindowsException'{0x00000000d5673360}> (0x00000000d5673360) 
thrown [s\src\hotspot\share\prims\jni.cpp, line 520]
Event: 3330.109 Thread 0x000001acfda46810 Exception <a 'sun/nio/fs/WindowsException'{0x00000000d55936b0}> (0x00000000d55936b0) 
thrown [s\src\hotspot\share\prims\jni.cpp, line 520]
Event: 3330.130 Thread 0x000001acfda46810 Exception <a 'sun/nio/fs/WindowsException'{0x00000000d55ca000}> (0x00000000d55ca000) 
thrown [s\src\hotspot\share\prims\jni.cpp, line 520]
Event: 3331.253 Thread 0x000001acf4438e70 Implicit null exception at 0x000001aca68da235 to 0x000001aca68da4a8
Event: 3331.527 Thread 0x000001acfda46810 Exception <a 'sun/nio/fs/WindowsException'{0x00000000d55c3c10}> (0x00000000d55c3c10) 
thrown [s\src\hotspot\share\prims\jni.cpp, line 520]
Event: 3331.528 Thread 0x000001acfda46810 Exception <a 'sun/nio/fs/WindowsException'{0x00000000d55c4640}> (0x00000000d55c4640) 
thrown [s\src\hotspot\share\prims\jni.cpp, line 520]
Event: 3331.535 Thread 0x000001acfda40c30 Exception <a 'sun/nio/fs/WindowsException'{0x00000000d55d9e88}> (0x00000000d55d9e88) 
thrown [s\src\hotspot\share\prims\jni.cpp, line 520]
Event: 3331.535 Thread 0x000001acfda40c30 Exception <a 'sun/nio/fs/WindowsException'{0x00000000d55dab30}> (0x00000000d55dab30) 
thrown [s\src\hotspot\share\prims\jni.cpp, line 520]
Event: 3331.537 Thread 0x000001acfda40c30 Exception <a 'sun/nio/fs/WindowsException'{0x00000000d55dc240}> (0x00000000d55dc240) 
thrown [s\src\hotspot\share\prims\jni.cpp, line 520]
Event: 3331.537 Thread 0x000001acfda40c30 Exception <a 'sun/nio/fs/WindowsException'{0x00000000d55dcec0}> (0x00000000d55dcec0) 
thrown [s\src\hotspot\share\prims\jni.cpp, line 520]
Event: 3331.539 Thread 0x000001acfda40c30 Exception <a 'sun/nio/fs/WindowsException'{0x00000000d55def28}> (0x00000000d55def28) 
thrown [s\src\hotspot\share\prims\jni.cpp, line 520]
Event: 3331.540 Thread 0x000001acfda40c30 Exception <a 'sun/nio/fs/WindowsException'{0x00000000d55dfbc0}> (0x00000000d55dfbc0) 
thrown [s\src\hotspot\share\prims\jni.cpp, line 520]
Event: 3331.542 Thread 0x000001acfda40c30 Exception <a 'sun/nio/fs/WindowsException'{0x00000000d55e12e8}> (0x00000000d55e12e8) 
thrown [s\src\hotspot\share\prims\jni.cpp, line 520]
Event: 3331.542 Thread 0x000001acfda40c30 Exception <a 'sun/nio/fs/WindowsException'{0x00000000d55e1a78}> (0x00000000d55e1a78) 
thrown [s\src\hotspot\share\prims\jni.cpp, line 520]

ZGC Phase Switch (0 events):
No events

VM Operations (20 events):
Event: 3331.493 Executing safepoint VM operation: ParallelGCFailedAllocation (Allocation Failure)
Event: 3331.500 Executing safepoint VM operation: ParallelGCFailedAllocation (Allocation Failure) done
Event: 3331.672 Executing safepoint VM operation: ParallelGCFailedAllocation (Allocation Failure)
Event: 3331.676 Executing safepoint VM operation: ParallelGCFailedAllocation (Allocation Failure) done
Event: 3331.909 Executing safepoint VM operation: ParallelGCFailedAllocation (Allocation Failure)
Event: 3331.911 Executing safepoint VM operation: ParallelGCFailedAllocation (Allocation Failure) done
Event: 3332.054 Executing safepoint VM operation: ParallelGCFailedAllocation (Allocation Failure)
Event: 3332.058 Executing safepoint VM operation: ParallelGCFailedAllocation (Allocation Failure) done
Event: 3332.086 Executing safepoint VM operation: ParallelGCFailedAllocation (Allocation Failure)
Event: 3332.089 Executing safepoint VM operation: ParallelGCFailedAllocation (Allocation Failure) done
Event: 3332.116 Executing safepoint VM operation: ParallelGCFailedAllocation (Allocation Failure)
Event: 3332.120 Executing safepoint VM operation: ParallelGCFailedAllocation (Allocation Failure) done
Event: 3332.138 Executing safepoint VM operation: ParallelGCFailedAllocation (Allocation Failure)
Event: 3332.142 Executing safepoint VM operation: ParallelGCFailedAllocation (Allocation Failure) done
Event: 3344.228 Executing safepoint VM operation: Cleanup
Event: 3344.228 Executing safepoint VM operation: Cleanup done
Event: 3344.350 Executing safepoint VM operation: ParallelGCFailedAllocation (Allocation Failure)
Event: 3344.353 Executing safepoint VM operation: ParallelGCFailedAllocation (Allocation Failure) done
Event: 3344.376 Executing safepoint VM operation: ParallelGCFailedAllocation (Allocation Failure)
Event: 3344.378 Executing safepoint VM operation: ParallelGCFailedAllocation (Allocation Failure) done

Memory protections (0 events):
No events

Nmethod flushes (20 events):
Event: 2205.500 Thread 0x000001acf31e2960 flushing  nmethod 0x000001aca04e6290
Event: 2205.500 Thread 0x000001acf31e2960 flushing  nmethod 0x000001aca053e690
Event: 2205.500 Thread 0x000001acf31e2960 flushing  nmethod 0x000001aca054ee90
Event: 2205.500 Thread 0x000001acf31e2960 flushing  nmethod 0x000001aca0566c10
Event: 2205.500 Thread 0x000001acf31e2960 flushing osr nmethod 0x000001aca05bcb90
Event: 2205.500 Thread 0x000001acf31e2960 flushing  nmethod 0x000001aca05e3910
Event: 2205.500 Thread 0x000001acf31e2960 flushing  nmethod 0x000001aca05fef90
Event: 2205.500 Thread 0x000001acf31e2960 flushing  nmethod 0x000001aca062af10
Event: 2205.500 Thread 0x000001acf31e2960 flushing  nmethod 0x000001aca0649310
Event: 2205.500 Thread 0x000001acf31e2960 flushing  nmethod 0x000001aca0690b90
Event: 2205.500 Thread 0x000001acf31e2960 flushing  nmethod 0x000001aca0728e10
Event: 2205.500 Thread 0x000001acf31e2960 flushing  nmethod 0x000001aca0760e90
Event: 2205.500 Thread 0x000001acf31e2960 flushing  nmethod 0x000001aca07fa610
Event: 2205.500 Thread 0x000001acf31e2960 flushing  nmethod 0x000001aca083f910
Event: 2205.500 Thread 0x000001acf31e2960 flushing osr nmethod 0x000001aca0840210
Event: 2205.500 Thread 0x000001acf31e2960 flushing  nmethod 0x000001aca0843590
Event: 2205.501 Thread 0x000001acf31e2960 flushing  nmethod 0x000001aca0850210
Event: 2205.501 Thread 0x000001acf31e2960 flushing  nmethod 0x000001aca0852e90
Event: 2205.501 Thread 0x000001acf31e2960 flushing  nmethod 0x000001aca087af10
Event: 2205.501 Thread 0x000001acf31e2960 flushing  nmethod 0x000001aca089b290

Events (20 events):
Event: 3330.200 Thread 0x000001acfda46810 Thread added: 0x000001acf4439500
Event: 3330.200 Thread 0x000001acfda46810 Thread added: 0x000001acf443a220
Event: 3330.632 Thread 0x000001acfda44740 Thread added: 0x000001acf443bc60
Event: 3330.641 Thread 0x000001acf443bc60 Thread added: 0x000001acf44387e0
Event: 3330.645 Thread 0x000001acf44387e0 Thread added: 0x000001acf443a8b0
Event: 3330.786 Thread 0x000001acfda46810 Thread added: 0x000001acf4438e70
Event: 3330.855 Thread 0x000001acfda46810 Thread added: 0x000001acf443ea50
Event: 3330.874 Thread 0x000001acfda46810 Thread added: 0x000001acf443c980
Event: 3330.886 Thread 0x000001acfda46810 Thread added: 0x000001acf443f0e0
Event: 3330.900 Thread 0x000001acfda46810 Thread added: 0x000001acf443d010
Event: 3330.910 Thread 0x000001acfda46810 Thread added: 0x000001acf443fe00
Event: 3330.911 Thread 0x000001acf448b500 Thread added: 0x000001acfa2ac930
Event: 3330.925 Thread 0x000001acfda46810 Thread added: 0x000001acfc33f040
Event: 3330.935 Thread 0x000001acfda46810 Thread added: 0x000001acfc33cf70
Event: 3330.936 Thread 0x000001acfda46810 Thread added: 0x000001acfc33f6d0
Event: 3330.953 Thread 0x000001acfda46810 Thread added: 0x000001acfc33d600
Event: 3330.963 Thread 0x000001acfda46810 Thread added: 0x000001acfc33dc90
Event: 3331.337 Thread 0x000001acfc343f00 Thread added: 0x000001acfc33e9b0
Event: 3331.906 Thread 0x000001acfa2ac930 Thread exited: 0x000001acfa2ac930
Event: 3332.067 Thread 0x000001acfa2ae470 Thread exited: 0x000001acfa2ae470


Dynamic libraries:
0x00007ff77ccc0000 - 0x00007ff77ccce000 	c:\Users\Sarthak\.vscode\extensions\redhat.java-1.54.0-win32-x64\jre\21.0.10-win32-x86_64\bin\java.exe
0x00007ff9e20c0000 - 0x00007ff9e2326000 	C:\WINDOWS\SYSTEM32\ntdll.dll
0x00007ff9e0f80000 - 0x00007ff9e1049000 	C:\WINDOWS\System32\KERNEL32.DLL
0x00007ff9df770000 - 0x00007ff9dfb6a000 	C:\WINDOWS\System32\KERNELBASE.dll
0x00007ff9dc310000 - 0x00007ff9dc3b0000 	C:\WINDOWS\SYSTEM32\apphelp.dll
0x00007ff9df400000 - 0x00007ff9df54c000 	C:\WINDOWS\System32\ucrtbase.dll
0x00007ff955310000 - 0x00007ff955328000 	c:\Users\Sarthak\.vscode\extensions\redhat.java-1.54.0-win32-x64\jre\21.0.10-win32-x86_64\bin\jli.dll
0x00007ff9e1b70000 - 0x00007ff9e1d37000 	C:\WINDOWS\System32\USER32.dll
0x00007ff9df740000 - 0x00007ff9df767000 	C:\WINDOWS\System32\win32u.dll
0x00007ff9e0180000 - 0x00007ff9e01ab000 	C:\WINDOWS\System32\GDI32.dll
0x00007ff9df550000 - 0x00007ff9df67b000 	C:\WINDOWS\System32\gdi32full.dll
0x00007ff9dfc00000 - 0x00007ff9dfca3000 	C:\WINDOWS\System32\msvcp_win.dll
0x00007ff9552f0000 - 0x00007ff95530e000 	c:\Users\Sarthak\.vscode\extensions\redhat.java-1.54.0-win32-x64\jre\21.0.10-win32-x86_64\bin\VCRUNTIME140.dll
0x00007ff9ce260000 - 0x00007ff9ce4f2000 	C:\WINDOWS\WinSxS\amd64_microsoft.windows.common-controls_6595b64144ccf1df_6.0.26100.8521_none_3e08b75ce33403b3\COMCTL32.dll
0x00007ff9e0570000 - 0x00007ff9e0619000 	C:\WINDOWS\System32\msvcrt.dll
0x00007ff9e0f10000 - 0x00007ff9e0f42000 	C:\WINDOWS\System32\IMM32.DLL
0x00007ff9a7490000 - 0x00007ff9a749c000 	c:\Users\Sarthak\.vscode\extensions\redhat.java-1.54.0-win32-x64\jre\21.0.10-win32-x86_64\bin\vcruntime140_1.dll
0x00007ff952130000 - 0x00007ff9521bd000 	c:\Users\Sarthak\.vscode\extensions\redhat.java-1.54.0-win32-x64\jre\21.0.10-win32-x86_64\bin\msvcp140.dll
0x00007ff8fa860000 - 0x00007ff8fb601000 	c:\Users\Sarthak\.vscode\extensions\redhat.java-1.54.0-win32-x64\jre\21.0.10-win32-x86_64\bin\server\jvm.dll
0x00007ff9e0890000 - 0x00007ff9e0946000 	C:\WINDOWS\System32\ADVAPI32.dll
0x00007ff9e1ac0000 - 0x00007ff9e1b6a000 	C:\WINDOWS\System32\sechost.dll
0x00007ff9dffa0000 - 0x00007ff9e00b8000 	C:\WINDOWS\System32\RPCRT4.dll
0x00007ff9e1e30000 - 0x00007ff9e1eb0000 	C:\WINDOWS\System32\WS2_32.dll
0x00007ff9df1b0000 - 0x00007ff9df20e000 	C:\WINDOWS\SYSTEM32\POWRPROF.dll
0x00007ff9d8130000 - 0x00007ff9d813b000 	C:\WINDOWS\SYSTEM32\VERSION.dll
0x00007ff9d80f0000 - 0x00007ff9d8126000 	C:\WINDOWS\SYSTEM32\WINMM.dll
0x00007ff9df190000 - 0x00007ff9df1a4000 	C:\WINDOWS\SYSTEM32\UMPDC.dll
0x00007ff9de0e0000 - 0x00007ff9de0fb000 	C:\WINDOWS\SYSTEM32\kernel.appcore.dll
0x00007ff9a7120000 - 0x00007ff9a712a000 	c:\Users\Sarthak\.vscode\extensions\redhat.java-1.54.0-win32-x64\jre\21.0.10-win32-x86_64\bin\jimage.dll
0x00007ff9d1b30000 - 0x00007ff9d1d72000 	C:\WINDOWS\SYSTEM32\DBGHELP.DLL
0x00007ff9e01c0000 - 0x00007ff9e0543000 	C:\WINDOWS\System32\combase.dll
0x00007ff9e18e0000 - 0x00007ff9e19b9000 	C:\WINDOWS\System32\OLEAUT32.dll
0x00007ff9c6350000 - 0x00007ff9c638b000 	C:\WINDOWS\SYSTEM32\dbgcore.DLL
0x00007ff9df350000 - 0x00007ff9df3f8000 	C:\WINDOWS\System32\bcryptPrimitives.dll
0x00007ff9829d0000 - 0x00007ff9829df000 	c:\Users\Sarthak\.vscode\extensions\redhat.java-1.54.0-win32-x64\jre\21.0.10-win32-x86_64\bin\instrument.dll
0x00007ff9552d0000 - 0x00007ff9552f0000 	c:\Users\Sarthak\.vscode\extensions\redhat.java-1.54.0-win32-x64\jre\21.0.10-win32-x86_64\bin\java.dll
0x00007ff9e1050000 - 0x00007ff9e17d4000 	C:\WINDOWS\System32\SHELL32.dll
0x00007ff9dcee0000 - 0x00007ff9dd760000 	C:\WINDOWS\SYSTEM32\windows.storage.dll
0x00007ff9e17e0000 - 0x00007ff9e18d6000 	C:\WINDOWS\System32\SHCORE.dll
0x00007ff9e1dc0000 - 0x00007ff9e1e27000 	C:\WINDOWS\System32\shlwapi.dll
0x00007ff9df270000 - 0x00007ff9df299000 	C:\WINDOWS\SYSTEM32\profapi.dll
0x00007ff9552b0000 - 0x00007ff9552c8000 	c:\Users\Sarthak\.vscode\extensions\redhat.java-1.54.0-win32-x64\jre\21.0.10-win32-x86_64\bin\zip.dll
0x00007ff980b40000 - 0x00007ff980b50000 	C:\Users\Sarthak\.vscode\extensions\redhat.java-1.54.0-win32-x64\jre\21.0.10-win32-x86_64\bin\net.dll
0x00007ff9d51c0000 - 0x00007ff9d52e9000 	C:\WINDOWS\SYSTEM32\WINHTTP.dll
0x00007ff9de650000 - 0x00007ff9de6bc000 	C:\WINDOWS\system32\mswsock.dll
0x00007ff9cd750000 - 0x00007ff9cd766000 	C:\Users\Sarthak\.vscode\extensions\redhat.java-1.54.0-win32-x64\jre\21.0.10-win32-x86_64\bin\nio.dll
0x00007ff989900000 - 0x00007ff989910000 	c:\Users\Sarthak\.vscode\extensions\redhat.java-1.54.0-win32-x64\jre\21.0.10-win32-x86_64\bin\verify.dll
0x00007ff97bcd0000 - 0x00007ff97bd15000 	C:\Users\Sarthak\AppData\Roaming\Code\User\globalStorage\redhat.java\1.54.0\config_win\org.eclipse.equinox.launcher\org.eclipse.equinox.launcher.win32.win32.x86_64_1.3.0.v20260203-2149\eclipse_11919.dll
0x00007ff9e1ec0000 - 0x00007ff9e2058000 	C:\WINDOWS\System32\ole32.dll
0x00007ff9de930000 - 0x00007ff9de94b000 	C:\WINDOWS\SYSTEM32\CRYPTSP.dll
0x00007ff9de040000 - 0x00007ff9de079000 	C:\WINDOWS\system32\rsaenh.dll
0x00007ff9de700000 - 0x00007ff9de733000 	C:\WINDOWS\SYSTEM32\USERENV.dll
0x00007ff9df240000 - 0x00007ff9df26a000 	C:\WINDOWS\SYSTEM32\bcrypt.dll
0x00007ff9de950000 - 0x00007ff9de95c000 	C:\WINDOWS\SYSTEM32\CRYPTBASE.dll
0x00007ff9ddaa0000 - 0x00007ff9ddad3000 	C:\WINDOWS\SYSTEM32\IPHLPAPI.DLL
0x00007ff9e01b0000 - 0x00007ff9e01ba000 	C:\WINDOWS\System32\NSI.dll
0x00007ff9da1a0000 - 0x00007ff9da1e9000 	C:\Users\Sarthak\AppData\Local\Temp\jna--760737950\jna12862425249705345087.dll
0x00007ff9dfe30000 - 0x00007ff9dfe38000 	C:\WINDOWS\System32\PSAPI.DLL
0x00007ff9d86f0000 - 0x00007ff9d870d000 	C:\WINDOWS\SYSTEM32\dhcpcsvc6.DLL
0x00007ff9d8620000 - 0x00007ff9d8645000 	C:\WINDOWS\SYSTEM32\dhcpcsvc.DLL
0x00007ff9da220000 - 0x00007ff9da22e000 	C:\Users\Sarthak\.vscode\extensions\redhat.java-1.54.0-win32-x64\jre\21.0.10-win32-x86_64\bin\sunmscapi.dll
0x00007ff9dfcb0000 - 0x00007ff9dfe28000 	C:\WINDOWS\System32\CRYPT32.dll
0x00007ff9deb50000 - 0x00007ff9deb80000 	C:\WINDOWS\SYSTEM32\ncrypt.dll
0x00007ff9deb00000 - 0x00007ff9deb3f000 	C:\WINDOWS\SYSTEM32\NTASN1.dll
0x00007ff9ddae0000 - 0x00007ff9ddc2a000 	C:\WINDOWS\SYSTEM32\DNSAPI.dll
0x00007ff9de470000 - 0x00007ff9de47d000 	C:\WINDOWS\SYSTEM32\DSPARSE.dll
0x00007ff9d4b80000 - 0x00007ff9d4b8b000 	C:\Windows\System32\rasadhlp.dll
0x00007ff9d9080000 - 0x00007ff9d9106000 	C:\WINDOWS\System32\fwpuclnt.dll
0x00007ff980b30000 - 0x00007ff980b39000 	C:\Users\Sarthak\.vscode\extensions\redhat.java-1.54.0-win32-x64\jre\21.0.10-win32-x86_64\bin\extnet.dll

JVMTI agents:
c:\Users\Sarthak\.vscode\extensions\redhat.java-1.54.0-win32-x64\lombok\lombok-1.18.39-4050.jar path:c:\Users\Sarthak\.vscode\extensions\redhat.java-1.54.0-win32-x64\jre\21.0.10-win32-x86_64\bin\instrument.dll, loaded, initialized, instrumentlib options:none

dbghelp: loaded successfully - version: 4.0.5 - missing functions: none
symbol engine: initialized successfully - sym options: 0x614 - pdb path: .;c:\Users\Sarthak\.vscode\extensions\redhat.java-1.54.0-win32-x64\jre\21.0.10-win32-x86_64\bin;C:\WINDOWS\SYSTEM32;C:\WINDOWS\WinSxS\amd64_microsoft.windows.common-controls_6595b64144ccf1df_6.0.26100.8521_none_3e08b75ce33403b3;c:\Users\Sarthak\.vscode\extensions\redhat.java-1.54.0-win32-x64\jre\21.0.10-win32-x86_64\bin\server;C:\Users\Sarthak\AppData\Roaming\Code\User\globalStorage\redhat.java\1.54.0\config_win\org.eclipse.equinox.launcher\org.eclipse.equinox.launcher.win32.win32.x86_64_1.3.0.v20260203-2149;C:\Users\Sarthak\AppData\Local\Temp\jna--760737950

VM Arguments:
jvm_args: --add-modules=ALL-SYSTEM --add-opens=java.base/java.util=ALL-UNNAMED --add-opens=java.base/java.lang=ALL-UNNAMED --add-opens=java.base/sun.nio.fs=ALL-UNNAMED -Declipse.application=org.eclipse.jdt.ls.core.id1 -Dosgi.bundles.defaultStartLevel=4 -Declipse.product=org.eclipse.jdt.ls.core.product -Djava.import.generatesMetadataFilesAtProjectRoot=false -DDetectVMInstallationsJob.disabled=true -Dfile.encoding=utf8 -XX:+UseParallelGC -XX:GCTimeRatio=4 -XX:AdaptiveSizePolicyWeight=90 -Dsun.zip.disableMemoryMapping=true -Xmx2G -Xms100m -Xlog:disable -javaagent:c:\Users\Sarthak\.vscode\extensions\redhat.java-1.54.0-win32-x64\lombok\lombok-1.18.39-4050.jar -XX:+HeapDumpOnOutOfMemoryError -XX:HeapDumpPath=c:\Users\Sarthak\AppData\Roaming\Code\User\workspaceStorage\f6078b234bc61ef3bc8683c25402a82e\redhat.java -Daether.dependencyCollector.impl=bf 
java_command: c:\Users\Sarthak\.vscode\extensions\redhat.java-1.54.0-win32-x64\server\plugins\org.eclipse.equinox.launcher_1.7.100.v20251111-0406.jar -configuration c:\Users\Sarthak\AppData\Roaming\Code\User\globalStorage\redhat.java\1.54.0\config_win -data c:\Users\Sarthak\AppData\Roaming\Code\User\workspaceStorage\f6078b234bc61ef3bc8683c25402a82e\redhat.java\jdt_ws --pipe=\\.\pipe\lsp-6beaa1f4226d10d3bfe381da32b825e9-sock
java_class_path (initial): c:\Users\Sarthak\.vscode\extensions\redhat.java-1.54.0-win32-x64\server\plugins\org.eclipse.equinox.launcher_1.7.100.v20251111-0406.jar
Launcher Type: SUN_STANDARD

[Global flags]
    uintx AdaptiveSizePolicyWeight                 = 90                                        {product} {command line}
     intx CICompilerCount                          = 4                                         {product} {ergonomic}
    uintx GCTimeRatio                              = 4                                         {product} {command line}
     bool HeapDumpOnOutOfMemoryError               = true                                   {manageable} {command line}
    ccstr HeapDumpPath                             = c:\Users\Sarthak\AppData\Roaming\Code\User\workspaceStorage\f6078b234bc61ef3bc8683c25402a82e\redhat.java         {manageable} {command line}
   size_t InitialHeapSize                          = 104857600                                 {product} {command line}
   size_t MaxHeapSize                              = 2147483648                                {product} {command line}
   size_t MaxNewSize                               = 715653120                                 {product} {ergonomic}
   size_t MinHeapDeltaBytes                        = 524288                                    {product} {ergonomic}
   size_t MinHeapSize                              = 104857600                                 {product} {command line}
   size_t NewSize                                  = 34603008                                  {product} {ergonomic}
    uintx NonNMethodCodeHeapSize                   = 5839372                                {pd product} {ergonomic}
    uintx NonProfiledCodeHeapSize                  = 122909434                              {pd product} {ergonomic}
   size_t OldSize                                  = 70254592                                  {product} {ergonomic}
    uintx ProfiledCodeHeapSize                     = 122909434                              {pd product} {ergonomic}
    uintx ReservedCodeCacheSize                    = 251658240                              {pd product} {ergonomic}
     bool SegmentedCodeCache                       = true                                      {product} {ergonomic}
   size_t SoftMaxHeapSize                          = 2147483648                             {manageable} {ergonomic}
     bool UseCompressedOops                        = true                           {product lp64_product} {ergonomic}
     bool UseLargePagesIndividualAllocation        = false                                  {pd product} {ergonomic}
     bool UseParallelGC                            = true                                      {product} {command line}

Logging:
Log output configuration:
 #0: stdout all=off uptime,level,tags foldmultilines=false
 #1: stderr all=off uptime,level,tags foldmultilines=false

Release file:
JAVA_VERSION="21.0.10" 
MODULES="java.base java.compiler java.datatransfer java.xml java.prefs java.desktop java.instrument java.logging java.management java.security.sasl java.naming java.rmi java.management.rmi java.net.http java.scripting java.security.jgss java.transaction.xa java.sql java.sql.rowset java.xml.crypto java.se java.smartcardio jdk.accessibility jdk.internal.jvmstat jdk.attach jdk.charsets jdk.internal.opt jdk.zipfs jdk.compiler jdk.crypto.ec jdk.crypto.cryptoki jdk.crypto.mscapi jdk.dynalink jdk.internal.ed jdk.editpad jdk.hotspot.agent jdk.httpserver jdk.internal.le jdk.internal.vm.ci jdk.internal.vm.compiler jdk.internal.vm.compiler.management jdk.jartool jdk.javadoc jdk.jcmd jdk.management jdk.management.agent jdk.jconsole jdk.jdeps jdk.jdwp.agent jdk.jdi jdk.jfr jdk.jshell jdk.jsobject jdk.jstatd jdk.localedata jdk.management.jfr jdk.naming.dns jdk.naming.rmi jdk.net jdk.nio.mapmode jdk.random jdk.sctp jdk.security.auth jdk.security.jgss jdk.unsupported jdk.unsupported.desktop jdk.xml.dom" 

Environment Variables:
JAVA_HOME=C:\Users\Sarthak\Downloads\jdk-17.0.12_windows-x64_bin\jdk-17.0.12
PATH=C:\Python314\Scripts\;C:\Python314\;C:\WINDOWS\system32;C:\WINDOWS;C:\WINDOWS\System32\Wbem;C:\WINDOWS\System32\WindowsPowerShell\v1.0\;C:\WINDOWS\System32\OpenSSH\;C:\Program Files\dotnet\;C:\MinGW\mingw32\bin;C:\MinGW\bin;C:\Program Files\Git\cmd;search-ms:displayname=Search%20Results%20in%20Home&crumb=location:%3A%3A{F874310E-B6B7-47DC-BC84-B9E6B38F5903}\Git;search-ms:displayname=Search%20Results%20in%20Home&crumb=location:%3A%3A{F874310E-B6B7-47DC-BC84-B9E6B38F5903}\Node.js;C:\ProgramData\chocolatey\bin;C:\Program Files\nodejs\;C:\Program Files\Cloudflare\Cloudflare WARP\;C:\Users\Sarthak\Downloads\jdk-17.0.12_windows-x64_bin\jdk-17.0.12\bin;C:\Users\Sarthak\Downloads\jdk-17.0.12_windows-x64_bin\jdk-17.0.12\bin;C:\Users\Sarthak\AppData\Local\Programs\Python\Python313\Scripts\;C:\Users\Sarthak\AppData\Local\Programs\Python\Python313\;C:\Users\Sarthak\AppData\Local\Microsoft\WindowsApps;C:\Users\Sarthak\AppData\Local\Programs\Microsoft VS Code\bin;C:\Users\Sarthak\AppData\Local\Microsoft\WinGet\Packages\yt-dlp.FFmpeg_Microsoft.Winget.Source_8wekyb3d8bbwe\ffmpeg-N-120858-gae448e00af-win64-gpl/bin;C:\Users\Sarthak\AppData\Local\Microsoft\WinGet\Packages\yt-dlp.yt-dlp_Microsoft.Winget.Source_8wekyb3d8bbwe;C:\Users\Sarthak\AppData\Roaming\npm;C:\Users\Sarthak\AppData\Local\GitHubDesktop\bin;C:\Users\Sarthak\AppData\Roaming\Python\Python314\Scripts;C:\Users\Sarthak\AppData\Local\Programs\Antigravity\bin;C:\Users\Sarthak\AppData\Local\Programs\mongosh\
USERNAME=Sarthak
OS=Windows_NT
PROCESSOR_IDENTIFIER=AMD64 Family 23 Model 104 Stepping 1, AuthenticAMD
TMP=C:\Users\Sarthak\AppData\Local\Temp
TEMP=C:\Users\Sarthak\AppData\Local\Temp




Periodic native trim disabled

---------------  S Y S T E M  ---------------

OS:
 Windows 11 , 64 bit Build 26100 (10.0.26100.8521)
OS uptime: 0 days 1:08 hours
Hyper-V role detected

CPU: total 12 (initial active 12) (12 cores per cpu, 2 threads per core) family 23 model 104 stepping 1 microcode 0x8608109, cx8, cmov, fxsr, ht, mmx, 3dnowpref, sse, sse2, sse3, ssse3, sse4a, sse4.1, sse4.2, popcnt, lzcnt, tsc, tscinvbit, avx, avx2, aes, clmul, bmi1, bmi2, adx, sha, fma, vzeroupper, clflush, clflushopt, hv, rdtscp, rdpid, f16c
Processor Information for the first 12 processors :
  Max Mhz: 2100, Current Mhz: 1988, Mhz Limit: 2100

Memory: 4k page, system-wide physical 7528M (493M free)
TotalPageFile size 19178M (AvailPageFile size 1M)
current process WorkingSet (physical memory assigned to process): 146M, peak: 1063M
current process commit charge ("private bytes"): 503M, peak: 1763M

vm_info: OpenJDK 64-Bit Server VM (21.0.10+7-LTS) for windows-amd64 JRE (21.0.10+7-LTS), built on 2026-01-20T00:00:00Z by "admin" with MS VC++ 17.12 (VS2022)

END.
